<?xml version="1.0" encoding="UTF-8"?>
<testng-results ignored="0" total="4" passed="4" failed="0" skipped="0">
  <reporter-output>
  </reporter-output>
  <suite started-at="2023-06-27T22:08:19Z" name="Default suite" finished-at="2023-06-27T22:08:47Z" duration-ms="28447">
    <groups>
      <group name="cucumber">
        <method signature="AbstractTestNGCucumberTests.runScenario(io.cucumber.testng.PickleWrapper, io.cucumber.testng.FeatureWrapper)[pri:0, instance:td.Runner.TestNGTestRunner@2b76ff4e]" name="runScenario" class="io.cucumber.testng.AbstractTestNGCucumberTests"/>
      </group> <!-- cucumber -->
    </groups>
    <test started-at="2023-06-27T22:08:19Z" name="Default test" finished-at="2023-06-27T22:08:47Z" duration-ms="28447">
      <class name="td.Runner.TestNGTestRunner">
        <test-method is-config="true" signature="setUpClass(org.testng.ITestContext)[pri:0, instance:td.Runner.TestNGTestRunner@2b76ff4e]" started-at="2023-06-27T22:08:19Z" name="setUpClass" finished-at="2023-06-27T22:08:19Z" duration-ms="441" status="PASS">
          <params>
            <param index="0">
              <value>
                <![CDATA[org.testng.TestRunner@67acfde9]]>
              </value>
            </param>
          </params>
          <reporter-output>
          </reporter-output>
        </test-method> <!-- setUpClass -->
        <test-method signature="runScenario(io.cucumber.testng.PickleWrapper, io.cucumber.testng.FeatureWrapper)[pri:0, instance:td.Runner.TestNGTestRunner@2b76ff4e]" started-at="2023-06-27T22:08:19Z" name="runScenario" description="Runs Cucumber Scenarios" data-provider="scenarios" finished-at="2023-06-27T22:08:29Z" duration-ms="9664" status="PASS">
          <params>
            <param index="0">
              <value>
                <![CDATA["Checking search functionality in TD Home"]]>
              </value>
            </param>
            <param index="1">
              <value>
                <![CDATA["TD Home Search functionality"]]>
              </value>
            </param>
          </params>
          <reporter-output>
          </reporter-output>
        </test-method> <!-- runScenario -->
        <test-method signature="runScenario(io.cucumber.testng.PickleWrapper, io.cucumber.testng.FeatureWrapper)[pri:0, instance:td.Runner.TestNGTestRunner@2b76ff4e]" started-at="2023-06-27T22:08:29Z" name="runScenario" description="Runs Cucumber Scenarios" data-provider="scenarios" finished-at="2023-06-27T22:08:38Z" duration-ms="8609" status="PASS">
          <params>
            <param index="0">
              <value>
                <![CDATA["Checking search functionality with data"]]>
              </value>
            </param>
            <param index="1">
              <value>
                <![CDATA["TD Home Search functionality"]]>
              </value>
            </param>
          </params>
          <reporter-output>
          </reporter-output>
        </test-method> <!-- runScenario -->
        <test-method signature="runScenario(io.cucumber.testng.PickleWrapper, io.cucumber.testng.FeatureWrapper)[pri:0, instance:td.Runner.TestNGTestRunner@2b76ff4e]" started-at="2023-06-27T22:08:38Z" name="runScenario" description="Runs Cucumber Scenarios" data-provider="scenarios" finished-at="2023-06-27T22:08:46Z" duration-ms="8696" status="PASS">
          <params>
            <param index="0">
              <value>
                <![CDATA["Checking search functionality with data"]]>
              </value>
            </param>
            <param index="1">
              <value>
                <![CDATA["TD Home Search functionality"]]>
              </value>
            </param>
          </params>
          <reporter-output>
          </reporter-output>
        </test-method> <!-- runScenario -->
        <test-method is-config="true" signature="tearDownClass()[pri:0, instance:td.Runner.TestNGTestRunner@2b76ff4e]" started-at="2023-06-27T22:08:46Z" name="tearDownClass" finished-at="2023-06-27T22:08:47Z" duration-ms="1016" status="PASS">
          <reporter-output>
          </reporter-output>
        </test-method> <!-- tearDownClass -->
        <test-method signature="runScenario(io.cucumber.testng.PickleWrapper, io.cucumber.testng.FeatureWrapper)[pri:0, instance:td.Runner.TestNGTestRunner@2b76ff4e]" started-at="2023-06-27T22:08:46Z" name="runScenario" description="Runs Cucumber Scenarios" data-provider="scenarios" finished-at="2023-06-27T22:08:46Z" duration-ms="0" status="PASS">
          <params>
            <param index="0">
              <value>
                <![CDATA["Title of your scenario"]]>
              </value>
            </param>
            <param index="1">
              <value>
                <![CDATA["Title of your feature"]]>
              </value>
            </param>
          </params>
          <reporter-output>
          </reporter-output>
        </test-method> <!-- runScenario -->
      </class> <!-- td.Runner.TestNGTestRunner -->
    </test> <!-- Default test -->
  </suite> <!-- Default suite -->
</testng-results>
